{
  "stats": {
    "suites": 53,
    "tests": 55,
    "passes": 55,
    "pending": 0,
    "failures": 0,
    "start": "2016-04-19T03:44:35.684Z",
    "end": "2016-04-19T03:44:36.825Z"
  },
  "coverage": {
    "total": {
      "statementsTotal": 210,
      "statementsCovered": 130,
      "percentage": 61.9
    },
    "files": [
      {
        "name": "emberjs/resolver",
        "statementsTotal": 2,
        "statementsCovered": 2,
        "percentage": 100
      },
      {
        "name": "emberjs/config/environment",
        "statementsTotal": 8,
        "statementsCovered": 7,
        "percentage": 87.5
      },
      {
        "name": "emberjs/router",
        "statementsTotal": 6,
        "statementsCovered": 4,
        "percentage": 66.67
      },
      {
        "name": "emberjs/services/ajax",
        "statementsTotal": 3,
        "statementsCovered": 3,
        "percentage": 100
      },
      {
        "name": "emberjs/adapters/user",
        "statementsTotal": 9,
        "statementsCovered": 9,
        "percentage": 100
      },
      {
        "name": "emberjs/components/left-sidebar",
        "statementsTotal": 3,
        "statementsCovered": 3,
        "percentage": 100
      },
      {
        "name": "emberjs/services/session-account",
        "statementsTotal": 12,
        "statementsCovered": 4,
        "percentage": 33.33
      },
      {
        "name": "emberjs/services/session",
        "statementsTotal": 2,
        "statementsCovered": 2,
        "percentage": 100
      },
      {
        "name": "emberjs/components/login-form",
        "statementsTotal": 7,
        "statementsCovered": 3,
        "percentage": 42.86
      },
      {
        "name": "emberjs/components/navigation-bar",
        "statementsTotal": 5,
        "statementsCovered": 3,
        "percentage": 60
      },
      {
        "name": "emberjs/components/repo-detail",
        "statementsTotal": 4,
        "statementsCovered": 4,
        "percentage": 100
      },
      {
        "name": "emberjs/adapters/repo",
        "statementsTotal": 9,
        "statementsCovered": 9,
        "percentage": 100
      },
      {
        "name": "emberjs/controllers/application",
        "statementsTotal": 3,
        "statementsCovered": 2,
        "percentage": 66.67
      },
      {
        "name": "emberjs/controllers/index",
        "statementsTotal": 3,
        "statementsCovered": 3,
        "percentage": 100
      },
      {
        "name": "emberjs/models/repo",
        "statementsTotal": 3,
        "statementsCovered": 3,
        "percentage": 100
      },
      {
        "name": "emberjs/models/user",
        "statementsTotal": 3,
        "statementsCovered": 3,
        "percentage": 100
      },
      {
        "name": "emberjs/routes/application",
        "statementsTotal": 11,
        "statementsCovered": 3,
        "percentage": 27.27
      },
      {
        "name": "emberjs/routes/dashboard",
        "statementsTotal": 4,
        "statementsCovered": 3,
        "percentage": 75
      },
      {
        "name": "emberjs/routes/login",
        "statementsTotal": 2,
        "statementsCovered": 2,
        "percentage": 100
      },
      {
        "name": "emberjs/app",
        "statementsTotal": 6,
        "statementsCovered": 6,
        "percentage": 100
      },
      {
        "name": "emberjs/initializers/app-version",
        "statementsTotal": 2,
        "statementsCovered": 2,
        "percentage": 100
      },
      {
        "name": "emberjs/initializers/container-debug-adapter",
        "statementsTotal": 5,
        "statementsCovered": 2,
        "percentage": 40
      },
      {
        "name": "emberjs/initializers/data-adapter",
        "statementsTotal": 2,
        "statementsCovered": 2,
        "percentage": 100
      },
      {
        "name": "emberjs/initializers/ember-data",
        "statementsTotal": 2,
        "statementsCovered": 2,
        "percentage": 100
      },
      {
        "name": "emberjs/initializers/ember-simple-auth",
        "statementsTotal": 7,
        "statementsCovered": 2,
        "percentage": 28.57
      },
      {
        "name": "emberjs/initializers/export-application-global",
        "statementsTotal": 16,
        "statementsCovered": 4,
        "percentage": 25
      },
      {
        "name": "emberjs/initializers/initialize-torii-callback",
        "statementsTotal": 7,
        "statementsCovered": 2,
        "percentage": 28.57
      },
      {
        "name": "emberjs/initializers/initialize-torii-session",
        "statementsTotal": 8,
        "statementsCovered": 2,
        "percentage": 25
      },
      {
        "name": "emberjs/initializers/initialize-torii",
        "statementsTotal": 9,
        "statementsCovered": 5,
        "percentage": 55.56
      },
      {
        "name": "emberjs/initializers/injectStore",
        "statementsTotal": 2,
        "statementsCovered": 2,
        "percentage": 100
      },
      {
        "name": "emberjs/initializers/store",
        "statementsTotal": 2,
        "statementsCovered": 2,
        "percentage": 100
      },
      {
        "name": "emberjs/initializers/transforms",
        "statementsTotal": 2,
        "statementsCovered": 2,
        "percentage": 100
      },
      {
        "name": "emberjs/instance-initializers/ember-data",
        "statementsTotal": 2,
        "statementsCovered": 2,
        "percentage": 100
      },
      {
        "name": "emberjs/instance-initializers/ember-simple-auth",
        "statementsTotal": 3,
        "statementsCovered": 2,
        "percentage": 66.67
      },
      {
        "name": "emberjs/instance-initializers/setup-routes",
        "statementsTotal": 11,
        "statementsCovered": 2,
        "percentage": 18.18
      },
      {
        "name": "emberjs/instance-initializers/walk-providers",
        "statementsTotal": 5,
        "statementsCovered": 2,
        "percentage": 40
      },
      {
        "name": "emberjs/authenticators/torii",
        "statementsTotal": 7,
        "statementsCovered": 3,
        "percentage": 42.86
      },
      {
        "name": "emberjs/components/app-version",
        "statementsTotal": 4,
        "statementsCovered": 4,
        "percentage": 100
      },
      {
        "name": "emberjs/helpers/pluralize",
        "statementsTotal": 2,
        "statementsCovered": 2,
        "percentage": 100
      },
      {
        "name": "emberjs/helpers/singularize",
        "statementsTotal": 2,
        "statementsCovered": 2,
        "percentage": 100
      },
      {
        "name": "emberjs/session-stores/application",
        "statementsTotal": 2,
        "statementsCovered": 2,
        "percentage": 100
      },
      {
        "name": "emberjs/torii-providers/github",
        "statementsTotal": 3,
        "statementsCovered": 2,
        "percentage": 66.67
      }
    ]
  }
}